<?xml version="1.0" encoding="UTF-8" ?>
<testsuite errors="0" failures="0" hostname="CLUKAS1" name="com.tobecontinued.util.ranges.core.TU_Range" tests="5" time="0.128" timestamp="2013-04-09T14:32:31">
  <properties>
[...]
</properties>
  <testcase classname="com.tobecontinued.util.ranges.core.TU_Range" name="testNewRange" time="0.067" />
  <testcase classname="com.tobecontinued.util.ranges.core.TU_Range" name="testHashCode" time="0.0" />
  <testcase classname="com.tobecontinued.util.ranges.core.TU_Range" name="testEquals" time="0.0020" />
  <testcase classname="com.tobecontinued.util.ranges.core.TU_Range" name="testIntersects" time="0.0010" />
  <testcase classname="com.tobecontinued.util.ranges.core.TU_Range" name="testContains" time="0.0010" />
  <system-out><![CDATA[]]></system-out>
  <system-err><![CDATA[]]></system-err>
</testsuite>
